android/build/intermediates/manifest_merge_blame_file/debug/manifest-merger-blame-debug-report.txt
1<?xml version="1.0" encoding="utf-8"?>
2<manifest xmlns:android="http://schemas.android.com/apk/res/android"
3    package="com.mygdx.game"
4    android:versionCode="1"
5    android:versionName="1.0" >
6
7    <uses-sdk
8        android:minSdkVersion="14"
8-->Milti\android\AndroidManifest.xml
9        android:targetSdkVersion="32" />
9-->Milti\android\AndroidManifest.xml
10
11    <uses-feature
11-->Milti\android\AndroidManifest.xml:6:5-78
12        android:glEsVersion="0x00020000"
12-->Milti\android\AndroidManifest.xml:6:19-51
13        android:required="true" />
13-->Milti\android\AndroidManifest.xml:6:52-75
14
15    <uses-permission android:name="android.permission.INTERNET" />
15-->Milti\android\AndroidManifest.xml:7:5-66
15-->Milti\android\AndroidManifest.xml:7:22-64
16    <uses-permission android:name="android.permission.WRITE_EXTERNAL_STORAGE" />
16-->Milti\android\AndroidManifest.xml:8:5-80
16-->Milti\android\AndroidManifest.xml:8:22-78
17
18    <application
18-->Milti\android\AndroidManifest.xml:10:5-29:19
19        android:allowBackup="true"
19-->Milti\android\AndroidManifest.xml:11:9-35
20        android:appCategory="game"
20-->Milti\android\AndroidManifest.xml:15:9-35
21        android:debuggable="true"
22        android:fullBackupContent="true"
22-->Milti\android\AndroidManifest.xml:12:9-41
23        android:icon="@drawable/ic_launcher"
23-->Milti\android\AndroidManifest.xml:13:9-45
24        android:isGame="true"
24-->Milti\android\AndroidManifest.xml:14:9-30
25        android:label="@string/app_name"
25-->Milti\android\AndroidManifest.xml:16:9-41
26        android:testOnly="true" >
27        <activity
27-->Milti\android\AndroidManifest.xml:18:9-28:20
28            android:name="com.mygdx.game.AndroidLauncher"
28-->Milti\android\AndroidManifest.xml:19:13-58
29            android:configChanges="keyboard|keyboardHidden|navigation|orientation|screenSize|screenLayout"
29-->Milti\android\AndroidManifest.xml:22:13-107
30            android:exported="true"
30-->Milti\android\AndroidManifest.xml:23:13-36
31            android:label="@string/app_name"
31-->Milti\android\AndroidManifest.xml:20:13-45
32            android:screenOrientation="landscape" >
32-->Milti\android\AndroidManifest.xml:21:13-50
33            <intent-filter>
33-->Milti\android\AndroidManifest.xml:24:13-27:29
34                <action android:name="android.intent.action.MAIN" />
34-->Milti\android\AndroidManifest.xml:25:17-69
34-->Milti\android\AndroidManifest.xml:25:25-66
35
36                <category android:name="android.intent.category.LAUNCHER" />
36-->Milti\android\AndroidManifest.xml:26:17-77
36-->Milti\android\AndroidManifest.xml:26:27-74
37            </intent-filter>
38        </activity>
39    </application>
40
41</manifest>